TN:
SF:src/router.ts
FN:25,(anonymous_0)
FN:37,(anonymous_1)
FNF:2
FNH:2
FNDA:4,(anonymous_0)
FNDA:5,(anonymous_1)
DA:1,2
DA:2,2
DA:3,2
DA:4,2
DA:7,2
DA:10,2
DA:12,2
DA:18,2
DA:25,4
DA:30,2
DA:37,5
DA:44,2
DA:50,2
DA:56,2
LF:14
LH:14
BRF:0
BRH:0
end_of_record
TN:
SF:src/server.ts
FN:7,connectDB
FN:28,(anonymous_10)
FNF:2
FNH:2
FNDA:2,connectDB
FNDA:1,(anonymous_10)
DA:1,2
DA:3,2
DA:4,2
DA:8,2
DA:9,2
DA:10,1
DA:18,2
DA:21,2
DA:24,2
DA:26,2
DA:28,2
DA:29,1
DA:32,2
LF:13
LH:13
BRF:0
BRH:0
end_of_record
TN:
SF:src/config/db.ts
FNF:0
FNH:0
DA:1,2
DA:4,2
DA:5,2
DA:11,2
DA:17,2
DA:22,2
LF:6
LH:6
BRF:0
BRH:0
end_of_record
TN:
SF:src/handlers/product.ts
FN:5,(anonymous_8)
FN:5,(anonymous_9)
FN:14,(anonymous_10)
FN:14,(anonymous_11)
FN:27,(anonymous_12)
FN:27,(anonymous_13)
FN:33,(anonymous_14)
FN:33,(anonymous_15)
FN:50,(anonymous_16)
FN:50,(anonymous_17)
FN:67,(anonymous_18)
FN:67,(anonymous_19)
FNF:12
FNH:10
FNDA:2,(anonymous_8)
FNDA:2,(anonymous_9)
FNDA:2,(anonymous_10)
FNDA:2,(anonymous_11)
FNDA:1,(anonymous_12)
FNDA:1,(anonymous_13)
FNDA:2,(anonymous_14)
FNDA:2,(anonymous_15)
FNDA:0,(anonymous_16)
FNDA:0,(anonymous_17)
FNDA:2,(anonymous_18)
FNDA:2,(anonymous_19)
DA:2,2
DA:5,2
DA:6,2
DA:11,2
DA:14,2
DA:15,2
DA:16,2
DA:18,2
DA:19,1
DA:23,1
DA:27,2
DA:29,1
DA:30,1
DA:33,2
DA:34,2
DA:35,2
DA:37,2
DA:38,1
DA:44,1
DA:45,1
DA:47,1
DA:50,2
DA:51,0
DA:52,0
DA:54,0
DA:55,0
DA:61,0
DA:62,0
DA:64,0
DA:67,2
DA:68,2
DA:69,2
DA:71,2
DA:72,1
DA:77,1
DA:78,1
LF:36
LH:29
BRDA:18,0,0,1
BRDA:18,0,1,1
BRDA:37,1,0,1
BRDA:37,1,1,1
BRDA:54,2,0,0
BRDA:54,2,1,0
BRDA:71,3,0,1
BRDA:71,3,1,1
BRF:8
BRH:6
end_of_record
TN:
SF:src/middleware/index.ts
FN:5,(anonymous_0)
FNF:1
FNH:1
FNDA:15,(anonymous_0)
DA:2,2
DA:5,2
DA:6,15
DA:7,15
DA:8,8
DA:10,7
LF:6
LH:6
BRDA:7,0,0,8
BRDA:7,0,1,7
BRF:2
BRH:2
end_of_record
TN:
SF:src/models/Product.model.ts
FNF:0
FNH:0
DA:1,2
DA:7,2
DA:11,2
DA:16,2
DA:22,2
DA:25,2
LF:6
LH:6
BRF:0
BRH:0
end_of_record
